/*C11*/SET SCHEMA PUBLIC
INSERT INTO EMPLOYEE VALUES(18,NULL,NULL,NULL,NULL,NULL,NULL,NULL,NULL,NULL,NULL,NULL,NULL,NULL,NULL,NULL,NULL,NULL,NULL,NULL,NULL,NULL,NULL,NULL,NULL,NULL,NULL)
COMMIT
INSERT INTO DATE_PRESENTATION VALUES(1,2,1,184,NULL,7,'Saturday',2016)
COMMIT
DELETE FROM EVIDENCE_NEW WHERE ID=1
DELETE FROM EVIDENCE_NEW WHERE ID=2
DELETE FROM EVIDENCE_NEW WHERE ID=3
DELETE FROM EVIDENCE_NEW WHERE ID=4
DELETE FROM EVIDENCE_NEW WHERE ID=5
DELETE FROM EVIDENCE_NEW WHERE ID=6
DELETE FROM EVIDENCE_NEW WHERE ID=7
DELETE FROM EVIDENCE_NEW WHERE ID=8
COMMIT
DISCONNECT
/*C10*/SET SCHEMA PUBLIC
DISCONNECT
/*C9*/SET SCHEMA PUBLIC
DISCONNECT
/*C8*/SET SCHEMA PUBLIC
DISCONNECT
/*C7*/SET SCHEMA PUBLIC
DISCONNECT
/*C6*/SET SCHEMA PUBLIC
DISCONNECT
/*C5*/SET SCHEMA PUBLIC
DISCONNECT
/*C4*/SET SCHEMA PUBLIC
DISCONNECT
/*C3*/SET SCHEMA PUBLIC
DISCONNECT
/*C2*/SET SCHEMA PUBLIC
DISCONNECT
